<?xml version="1.0" encoding="UTF-8"?>
<!-- Generated by org.testng.reporters.JUnitReportReporter -->
<testsuite hostname="AVALANCHE" name="com.noggin.OCA1Atumation.AWebDriverOCAFirstModalTest" tests="1" failures="0" timestamp="7 Dec 2016 05:12:54 GMT" time="17.414" errors="0">
  <testcase name="hellOCA" time="17.414" classname="com.noggin.OCA1Atumation.AWebDriverOCAFirstModalTest"/>
</testsuite> <!-- com.noggin.OCA1Atumation.AWebDriverOCAFirstModalTest -->
