<?xml version="1.0" encoding="UTF-8"?>
<!-- Generated by org.testng.reporters.JUnitReportReporter -->
<testsuite hostname="AVALANCHE" name="com.noggin.OCA1Atumation.AWebDriverOCACreateAssetwithLibraryTest" tests="1" failures="0" timestamp="7 Dec 2016 23:19:28 GMT" time="20.827" errors="0">
  <testcase name="hellOCA" time="20.827" classname="com.noggin.OCA1Atumation.AWebDriverOCACreateAssetwithLibraryTest"/>
</testsuite> <!-- com.noggin.OCA1Atumation.AWebDriverOCACreateAssetwithLibraryTest -->
