<?xml version="1.0" encoding="UTF-8"?>
<!-- Generated by org.testng.reporters.JUnitReportReporter -->
<testsuite hostname="AVALANCHE" name="com.noggin.OCA1Atumation.WebDriverOCACreateEventTest" tests="1" failures="0" timestamp="6 Dec 2016 21:25:50 GMT" time="70.640" errors="0">
  <testcase name="CreateEventTest" time="70.640" classname="com.noggin.OCA1Atumation.WebDriverOCACreateEventTest"/>
</testsuite> <!-- com.noggin.OCA1Atumation.WebDriverOCACreateEventTest -->
