<?xml version="1.0" encoding="UTF-8"?>
<!-- Generated by org.testng.reporters.JUnitReportReporter -->
<testsuite hostname="AVALANCHE" name="com.noggin.OCA1Atumation.WebDriverOCAFirstTest" tests="1" failures="0" timestamp="29 Nov 2016 23:53:33 GMT" time="23.783" errors="0">
  <testcase name="hellOCA" time="23.783" classname="com.noggin.OCA1Atumation.WebDriverOCAFirstTest"/>
</testsuite> <!-- com.noggin.OCA1Atumation.WebDriverOCAFirstTest -->
