<?xml version="1.0" encoding="UTF-8"?>
<!-- Generated by org.testng.reporters.JUnitReportReporter -->
<testsuite hostname="AVALANCHE" name="com.noggin.OCA1Atumation.AWebDriverOCAFirstFireFoxTest" tests="1" failures="1" timestamp="2 Dec 2016 02:38:01 GMT" time="5.723" errors="0">
  <testcase name="hellOCA" time="5.723" classname="com.noggin.OCA1Atumation.AWebDriverOCAFirstFireFoxTest">
    <failure type="org.openqa.selenium.WebDriverException" message="Reached error page: about:certerror?e=nssBadCert&amp;u=https%3A//im1.oca-test-beta-el7sec.lan.noggin.com.au/directlogin.html&amp;c=UTF-8&amp;f=regular&amp;d=im1.oca-test-beta-el7sec.lan.noggin.com.au%20uses%20an%20invalid%20security%20certificate.%0A%0AThe%20certificate%20is%20not%20trusted%20because%20the%20issuer%20certificate%20is%20unknown.%0AThe%20server%20might%20not%20be%20sending%20the%20appropriate%20intermediate%20certificates.%0AAn%20additional%20root%20certificate%20may%20need%20to%20be%20imported.%0A%0AError%20code%3A%20%3Ca%20id%3D%22errorCode%22%20title%3D%22SEC_ERROR_UNKNOWN_ISSUER%22%3ESEC_ERROR_UNKNOWN_ISSUER%3C/a%3E%0A
Build info: version: &#039;3.0.1&#039;, revision: &#039;1969d75&#039;, time: &#039;2016-10-18 09:49:13 -0700&#039;
System info: host: &#039;AVALANCHE&#039;, ip: &#039;10.200.25.138&#039;, os.name: &#039;Windows 7&#039;, os.arch: &#039;amd64&#039;, os.version: &#039;6.1&#039;, java.version: &#039;1.8.0_111&#039;
Driver info: org.openqa.selenium.firefox.FirefoxDriver
Capabilities [{rotatable=false, raisesAccessibilityExceptions=false, marionette=true, firefoxOptions={args=[], prefs={}}, appBuildId=20161129173726, version=, platform=XP, proxy={}, command_id=1, specificationLevel=0, acceptSslCerts=false, processId=37308, browserVersion=50.0.2, platformVersion=6.1, XULappId={ec8030f7-c20a-464f-9b0e-13a3a9e97384}, browserName=firefox, takesScreenshot=true, takesElementScreenshot=true, platformName=windows_nt}]
Session ID: 6153d3fa-c3bf-4f55-9416-a05cd5a4ace4">
      <![CDATA[org.openqa.selenium.WebDriverException: Reached error page: about:certerror?e=nssBadCert&u=https%3A//im1.oca-test-beta-el7sec.lan.noggin.com.au/directlogin.html&c=UTF-8&f=regular&d=im1.oca-test-beta-el7sec.lan.noggin.com.au%20uses%20an%20invalid%20security%20certificate.%0A%0AThe%20certificate%20is%20not%20trusted%20because%20the%20issuer%20certificate%20is%20unknown.%0AThe%20server%20might%20not%20be%20sending%20the%20appropriate%20intermediate%20certificates.%0AAn%20additional%20root%20certificate%20may%20need%20to%20be%20imported.%0A%0AError%20code%3A%20%3Ca%20id%3D%22errorCode%22%20title%3D%22SEC_ERROR_UNKNOWN_ISSUER%22%3ESEC_ERROR_UNKNOWN_ISSUER%3C/a%3E%0A
Build info: version: '3.0.1', revision: '1969d75', time: '2016-10-18 09:49:13 -0700'
System info: host: 'AVALANCHE', ip: '10.200.25.138', os.name: 'Windows 7', os.arch: 'amd64', os.version: '6.1', java.version: '1.8.0_111'
Driver info: org.openqa.selenium.firefox.FirefoxDriver
Capabilities [{rotatable=false, raisesAccessibilityExceptions=false, marionette=true, firefoxOptions={args=[], prefs={}}, appBuildId=20161129173726, version=, platform=XP, proxy={}, command_id=1, specificationLevel=0, acceptSslCerts=false, processId=37308, browserVersion=50.0.2, platformVersion=6.1, XULappId={ec8030f7-c20a-464f-9b0e-13a3a9e97384}, browserName=firefox, takesScreenshot=true, takesElementScreenshot=true, platformName=windows_nt}]
Session ID: 6153d3fa-c3bf-4f55-9416-a05cd5a4ace4
	at sun.reflect.NativeConstructorAccessorImpl.newInstance0(Native Method)
	at sun.reflect.NativeConstructorAccessorImpl.newInstance(NativeConstructorAccessorImpl.java:62)
	at sun.reflect.DelegatingConstructorAccessorImpl.newInstance(DelegatingConstructorAccessorImpl.java:45)
	at java.lang.reflect.Constructor.newInstance(Constructor.java:423)
	at org.openqa.selenium.remote.http.W3CHttpResponseCodec.createException(W3CHttpResponseCodec.java:127)
	at org.openqa.selenium.remote.http.W3CHttpResponseCodec.decode(W3CHttpResponseCodec.java:93)
	at org.openqa.selenium.remote.http.W3CHttpResponseCodec.decode(W3CHttpResponseCodec.java:42)
	at org.openqa.selenium.remote.HttpCommandExecutor.execute(HttpCommandExecutor.java:163)
	at org.openqa.selenium.remote.service.DriverCommandExecutor.execute(DriverCommandExecutor.java:82)
	at org.openqa.selenium.remote.RemoteWebDriver.execute(RemoteWebDriver.java:601)
	at org.openqa.selenium.remote.RemoteWebDriver.get(RemoteWebDriver.java:322)
	at com.noggin.OCA1Atumation.AWebDriverOCAFirstFireFoxTest.hellOCA(AWebDriverOCAFirstFireFoxTest.java:28)
	at sun.reflect.NativeMethodAccessorImpl.invoke0(Native Method)
	at sun.reflect.NativeMethodAccessorImpl.invoke(NativeMethodAccessorImpl.java:62)
	at sun.reflect.DelegatingMethodAccessorImpl.invoke(DelegatingMethodAccessorImpl.java:43)
	at java.lang.reflect.Method.invoke(Method.java:498)
	at org.testng.internal.MethodInvocationHelper.invokeMethod(MethodInvocationHelper.java:84)
	at org.testng.internal.Invoker.invokeMethod(Invoker.java:714)
	at org.testng.internal.Invoker.invokeTestMethod(Invoker.java:901)
	at org.testng.internal.Invoker.invokeTestMethods(Invoker.java:1231)
	at org.testng.internal.TestMethodWorker.invokeTestMethods(TestMethodWorker.java:127)
	at org.testng.internal.TestMethodWorker.run(TestMethodWorker.java:111)
	at org.testng.TestRunner.privateRun(TestRunner.java:767)
	at org.testng.TestRunner.run(TestRunner.java:617)
	at org.testng.SuiteRunner.runTest(SuiteRunner.java:348)
	at org.testng.SuiteRunner.runSequentially(SuiteRunner.java:343)
	at org.testng.SuiteRunner.privateRun(SuiteRunner.java:305)
	at org.testng.SuiteRunner.run(SuiteRunner.java:254)
	at org.testng.SuiteRunnerWorker.runSuite(SuiteRunnerWorker.java:52)
	at org.testng.SuiteRunnerWorker.run(SuiteRunnerWorker.java:86)
	at org.testng.TestNG.runSuitesSequentially(TestNG.java:1224)
	at org.testng.TestNG.runSuitesLocally(TestNG.java:1149)
	at org.testng.TestNG.run(TestNG.java:1057)
	at org.testng.remote.AbstractRemoteTestNG.run(AbstractRemoteTestNG.java:132)
	at org.testng.remote.RemoteTestNG.initAndRun(RemoteTestNG.java:236)
	at org.testng.remote.RemoteTestNG.main(RemoteTestNG.java:81)
]]>
    </failure>
  </testcase> <!-- hellOCA -->
</testsuite> <!-- com.noggin.OCA1Atumation.AWebDriverOCAFirstFireFoxTest -->
