<?xml version="1.0" encoding="UTF-8"?>
<!-- Generated by org.testng.reporters.JUnitReportReporter -->
<testsuite hostname="AVALANCHE" name="com.noggin.OCA1Atumation.AWebDriverOCAFirstTest" tests="1" failures="0" timestamp="2 Dec 2016 02:22:37 GMT" time="22.820" errors="0">
  <testcase name="hellOCA" time="22.820" classname="com.noggin.OCA1Atumation.AWebDriverOCAFirstTest"/>
</testsuite> <!-- com.noggin.OCA1Atumation.AWebDriverOCAFirstTest -->
