<?xml version="1.0" encoding="UTF-8"?>
<!-- Generated by org.testng.reporters.JUnitReportReporter -->
<testsuite hostname="AVALANCHE" name="com.noggin.OCA1Atumation.WebDriverOCACreateEventTest" tests="1" failures="0" timestamp="7 Dec 2016 04:47:57 GMT" time="71.562" errors="0">
  <testcase name="CreateEventTest" time="71.562" classname="com.noggin.OCA1Atumation.WebDriverOCACreateEventTest"/>
</testsuite> <!-- com.noggin.OCA1Atumation.WebDriverOCACreateEventTest -->
