<?xml version="1.0" encoding="UTF-8"?>
<!-- Generated by org.testng.reporters.JUnitReportReporter -->
<testsuite hostname="AVALANCHE" name="com.noggin.OCA1Atumation.AWebDriverOCAFirstwithLibaryTest" tests="1" failures="0" timestamp="6 Dec 2016 23:02:03 GMT" time="34.830" errors="0">
  <testcase name="hellOCA" time="34.830" classname="com.noggin.OCA1Atumation.AWebDriverOCAFirstwithLibaryTest"/>
</testsuite> <!-- com.noggin.OCA1Atumation.AWebDriverOCAFirstwithLibaryTest -->
