<?xml version="1.0" encoding="UTF-8"?>
<!-- Generated by org.testng.reporters.JUnitReportReporter -->
<testsuite hostname="AVALANCHE" name="com.noggin.OCA1Atumation.WebDriverOCACreateEventTest" tests="1" failures="0" timestamp="8 Dec 2016 04:42:45 GMT" time="72.351" errors="0">
  <testcase name="CreateEventTest" time="72.351" classname="com.noggin.OCA1Atumation.WebDriverOCACreateEventTest"/>
</testsuite> <!-- com.noggin.OCA1Atumation.WebDriverOCACreateEventTest -->
