<?xml version="1.0" encoding="UTF-8"?>
<!-- Generated by org.testng.reporters.JUnitReportReporter -->
<testsuite hostname="AVALANCHE" name="com.noggin.OCA1Atumation.AWebDriverOCAFirstTest" tests="1" failures="0" timestamp="8 Dec 2016 04:31:14 GMT" time="12.673" errors="0">
  <testcase name="hellOCA" time="12.673" classname="com.noggin.OCA1Atumation.AWebDriverOCAFirstTest"/>
</testsuite> <!-- com.noggin.OCA1Atumation.AWebDriverOCAFirstTest -->
