<?xml version="1.0" encoding="UTF-8"?>
<!-- Generated by org.testng.reporters.JUnitReportReporter -->
<testsuite hostname="AVALANCHE" name="com.noggin.OCA1Atumation.AWebDriverOCAFirstModalTest" tests="1" failures="0" timestamp="8 Dec 2016 04:31:14 GMT" time="16.758" errors="0">
  <testcase name="hellOCA" time="16.758" classname="com.noggin.OCA1Atumation.AWebDriverOCAFirstModalTest"/>
</testsuite> <!-- com.noggin.OCA1Atumation.AWebDriverOCAFirstModalTest -->
