<?xml version="1.0" encoding="UTF-8"?>
<!-- Generated by org.testng.reporters.JUnitReportReporter -->
<testsuite hostname="AVALANCHE" name="com.noggin.ExapandTree.WebDriverOCAFirstTreeExanpContactDirectoryTest" tests="1" failures="0" timestamp="11 Dec 2016 22:14:37 GMT" time="27.058" errors="0">
  <testcase name="hellOCA" time="27.058" classname="com.noggin.ExapandTree.WebDriverOCAFirstTreeExanpContactDirectoryTest"/>
</testsuite> <!-- com.noggin.ExapandTree.WebDriverOCAFirstTreeExanpContactDirectoryTest -->
