<?xml version="1.0" encoding="UTF-8"?>
<!-- Generated by org.testng.reporters.JUnitReportReporter -->
<testsuite hostname="AVALANCHE" name="com.noggin.OCA1Atumation.AWebDriverOCAFirstwithLibaryTest" tests="1" failures="0" timestamp="8 Dec 2016 04:31:14 GMT" time="34.777" errors="0">
  <testcase name="hellOCA" time="34.777" classname="com.noggin.OCA1Atumation.AWebDriverOCAFirstwithLibaryTest"/>
</testsuite> <!-- com.noggin.OCA1Atumation.AWebDriverOCAFirstwithLibaryTest -->
