<?xml version="1.0" encoding="UTF-8"?>
<!-- Generated by org.testng.reporters.JUnitReportReporter -->
<testsuite hostname="AVALANCHE" name="com.noggin.ExapandTree.WebDriverOCAFirstTreeExpandListTest" tests="1" failures="0" timestamp="11 Dec 2016 22:14:37 GMT" time="26.996" errors="0">
  <testcase name="hellOCA" time="26.996" classname="com.noggin.ExapandTree.WebDriverOCAFirstTreeExpandListTest"/>
</testsuite> <!-- com.noggin.ExapandTree.WebDriverOCAFirstTreeExpandListTest -->
